<?xml version="1.0" encoding="UTF-8"?>
<testsuite xmlns:xsi="http://www.w3.org/2001/XMLSchema-instance" xsi:noNamespaceSchemaLocation="https://maven.apache.org/surefire/maven-surefire-plugin/xsd/surefire-test-report.xsd" version="3.0.2" name="com.physio.publicexercise.PublicExerciseServiceApplicationTests" time="7.722" tests="1" errors="0" skipped="0" failures="0">
  <properties>
[...]
</properties>
  <testcase name="contextLoads" classname="com.physio.publicexercise.PublicExerciseServiceApplicationTests" time="1.366">
    <system-out><![CDATA[14:17:26.027 [main] INFO org.springframework.test.context.support.AnnotationConfigContextLoaderUtils -- Could not detect default configuration classes for test class [com.physio.publicexercise.PublicExerciseServiceApplicationTests]: PublicExerciseServiceApplicationTests does not declare any static, non-private, non-final, nested classes annotated with @Configuration.
14:17:26.242 [main] INFO org.springframework.boot.test.context.SpringBootTestContextBootstrapper -- Found @SpringBootConfiguration com.physio.publicexercise.PublicExerciseServiceApplication for test class com.physio.publicexercise.PublicExerciseServiceApplicationTests
14:17:26.585 [main] INFO org.springframework.boot.devtools.restart.RestartApplicationListener -- Restart disabled due to context in which it is running

  .   ____          _            __ _ _
 /\\ / ___'_ __ _ _(_)_ __  __ _ \ \ \ \
( ( )\___ | '_ | '_| | '_ \/ _` | \ \ \ \
 \\/  ___)| |_)| | | | | || (_| |  ) ) ) )
  '  |____| .__|_| |_|_| |_\__, | / / / /
 =========|_|==============|___/=/_/_/_/

 :: Spring Boot ::                (v3.4.3)

2026-03-05T14:17:27.148+05:30  INFO 19588 --- [public-exercise-service] [           main] .p.PublicExerciseServiceApplicationTests : Starting PublicExerciseServiceApplicationTests using Java 21.0.10 with PID 19588 (started by anush in C:\Users\anush\IdeaProjects\BubbleBreath\public-exercise-service\public-exercise-service)
2026-03-05T14:17:27.151+05:30  INFO 19588 --- [public-exercise-service] [           main] .p.PublicExerciseServiceApplicationTests : No active profile set, falling back to 1 default profile: "default"
2026-03-05T14:17:31.680+05:30  INFO 19588 --- [public-exercise-service] [           main] o.s.b.a.e.web.EndpointLinksResolver      : Exposing 1 endpoint beneath base path '/actuator'
2026-03-05T14:17:31.801+05:30  INFO 19588 --- [public-exercise-service] [           main] .p.PublicExerciseServiceApplicationTests : Started PublicExerciseServiceApplicationTests in 5.247 seconds (process running for 7.247)
]]></system-out>
    <system-err><![CDATA[Mockito is currently self-attaching to enable the inline-mock-maker. This will no longer work in future releases of the JDK. Please add Mockito as an agent to your build what is described in Mockito's documentation: https://javadoc.io/doc/org.mockito/mockito-core/latest/org/mockito/Mockito.html#0.3
WARNING: A Java agent has been loaded dynamically (C:\Users\anush\.m2\repository\net\bytebuddy\byte-buddy-agent\1.15.11\byte-buddy-agent-1.15.11.jar)
WARNING: If a serviceability tool is in use, please run with -XX:+EnableDynamicAgentLoading to hide this warning
WARNING: If a serviceability tool is not in use, please run with -Djdk.instrument.traceUsage for more information
WARNING: Dynamic loading of agents will be disallowed by default in a future release
]]></system-err>
  </testcase>
</testsuite>